info it worked if it ends with ok
verbose cli [ 'node', '/usr/local/bin/npm', 'link' ]
info using npm@1.0.106
info using node@v0.4.12
verbose /usr/local/bin/node node symlink
verbose config file /Users/Will/.npmrc
verbose config file /usr/local/etc/npmrc
verbose config file /usr/local/lib/node_modules/npm/npmrc
ERR! Error: ENOENT, No such file or directory '/Users/Will/package.json'
ERR! Report this *entire* log at:
ERR!     <http://github.com/isaacs/npm/issues>
ERR! or email it to:
ERR!     <npm-@googlegroups.com>
ERR! 
ERR! System Darwin 11.2.0
ERR! command "node" "/usr/local/bin/npm" "link"
ERR! cwd /Users/Will/Code/duly_noted/lib
ERR! node -v v0.4.12
ERR! npm -v 1.0.106
ERR! path /Users/Will/package.json
ERR! code ENOENT
verbose exit [ 1, true ]
